0    [main] INFO  eclipse.emf.mwe.core.WorkflowEngine  - --------------------------------------------------------------------------------------
1    [main] INFO  eclipse.emf.mwe.core.WorkflowEngine  - EMF Modeling Workflow Engine 1.3.11, Build v201508030321
1    [main] INFO  eclipse.emf.mwe.core.WorkflowEngine  - (c) 2005-2009 openarchitectureware.org and contributors
1    [main] INFO  eclipse.emf.mwe.core.WorkflowEngine  - --------------------------------------------------------------------------------------
1    [main] INFO  eclipse.emf.mwe.core.WorkflowEngine  - running workflow: D:/ABEL/UNIVERSIDAD/INGENIERIA MULTIMEDIA/3 CURSO/DSM/practicas/UltrAthletics/UltrAthletics/templates/workflow/generator.mwe
1    [main] INFO  eclipse.emf.mwe.core.WorkflowEngine  - 
209  [main] INFO  lipse.emf.mwe.utils.StandaloneSetup  - Registering platform uri 'D:\ABEL\UNIVERSIDAD\INGENIERIA MULTIMEDIA\3 CURSO\DSM\practicas\UltrAthletics'
253  [main] INFO  lipse.emf.mwe.utils.StandaloneSetup  - Adding generated EPackage 'es.ua.dlsi.ooh.conceptualView.ConceptualViewPackage'
282  [main] INFO  lipse.emf.mwe.utils.StandaloneSetup  - Adding generated EPackage 'org.eclipse.gmf.runtime.notation.NotationPackage'
335  [main] INFO  e.core.container.CompositeComponent  - Workflow: executing workflow workflow::nhibernate::generator.mwe in D:/ABEL/UNIVERSIDAD/INGENIERIA MULTIMEDIA/3 CURSO/DSM/practicas/UltrAthletics/UltrAthletics/templates/workflow/generator.mwe:11
335  [main] INFO  e.core.container.CompositeComponent  - XmiReader: file 'models/UltrAthletics.domainModel' => slot 'es_ua_dlsi_ooh_conceptual_model'
433  [main] INFO  e.core.container.CompositeComponent  - CheckComponent: slot es_ua_dlsi_ooh_conceptual_model check file(s): metamodel::Checks 
671  [main] INFO  e.core.container.CompositeComponent  - es.ua.dlsi.ooh.persistence.nhibernate.generator.workflowComponents.CleanBackup
Se ha borrado el directorio backup en la ubicacion: ../UltrAthleticsGen\Backup
676  [main] INFO  e.core.container.CompositeComponent  - Generator(nhibernate.generator): generating 'workflow::nhibernate::workflow::main FOR true' => [../UltrAthleticsGen, CONFIGURATION:../UltrAthleticsGen(overwrite=false,append=false,fileEncoding=utf-8)]
La licencia está en vigor. Su fecha de expiración es: Fri Aug 18 00:21:32 CEST 2023
configuroConf:C:\Users\Abel\AppData\Local\Temp\OOH4RIA417752898614569696.cfg
enc:utf-8
863  [main] INFO  and2.pr.ProtectedRegionResolverImpl  - Source scan started ...
1591 [main] INFO  and2.pr.ProtectedRegionResolverImpl  - Source scan finished in 0.726s
1591 [main] INFO  and2.pr.ProtectedRegionResolverImpl  - Files scanned: 151
1591 [main] INFO  and2.pr.ProtectedRegionResolverImpl  - Regions found: 53
enc:utf-8
enc:utf-8
enc:utf-8
enc:utf-8
enc:utf-8
enc:utf-8
1850 [main] INFO  ipse.xtend.util.stdlib.IOExtensions  - UsuarioCAD
enc:utf-8
1916 [main] INFO  ipse.xtend.util.stdlib.IOExtensions  - PedidoCAD
LA clase origen: Pedido y el nombre de rol: usuario
DISTINTO en: asoOrigin: lineaPedido_pedido. El nombre del rol origen: lineaPedido de el rol destino: usuario
LA clase destino: Pedido y el nombre de rol: usuario
Encontrado en: asoTarget: pedido_usuario El nombre de rol origen (generado): pedido y el nombre del rol destino:usuario
LA clase origen: Pedido y el nombre de rol: usuario
DISTINTO en: asoOrigin: lineaPedido_pedido. El nombre del rol origen: lineaPedido de el rol destino: usuario
LA clase destino: Pedido y el nombre de rol: usuario
Encontrado en: asoTarget: pedido_usuario El nombre de rol origen (generado): pedido y el nombre del rol destino:usuario
LA clase origen: Pedido y el nombre de rol: usuario
DISTINTO en: asoOrigin: lineaPedido_pedido. El nombre del rol origen: lineaPedido de el rol destino: usuario
LA clase destino: Pedido y el nombre de rol: usuario
Encontrado en: asoTarget: pedido_usuario El nombre de rol origen (generado): pedido y el nombre del rol destino:usuario
enc:utf-8
1967 [main] INFO  ipse.xtend.util.stdlib.IOExtensions  - LineaPedidoCAD
LA clase origen: LineaPedido y el nombre de rol: pedido
LA clase destino: LineaPedido y el nombre de rol: pedido
Encontrado en: asoTarget: lineaPedido_pedido El nombre de rol origen (generado): lineaPedido y el nombre del rol destino:pedido
LA clase origen: LineaPedido y el nombre de rol: pedido
LA clase destino: LineaPedido y el nombre de rol: pedido
Encontrado en: asoTarget: lineaPedido_pedido El nombre de rol origen (generado): lineaPedido y el nombre del rol destino:pedido
LA clase origen: LineaPedido y el nombre de rol: pedido
LA clase destino: LineaPedido y el nombre de rol: pedido
Encontrado en: asoTarget: lineaPedido_pedido El nombre de rol origen (generado): lineaPedido y el nombre del rol destino:pedido
LA clase origen: LineaPedido y el nombre de rol: producto
LA clase destino: LineaPedido y el nombre de rol: producto
DISTINTO en: asoTarget: lineaPedido_pedido. El nombre del rol destino: pedido de el rol origen: producto
Encontrado en: asoTarget: lineaPedido_producto El nombre de rol origen (generado): lineaPedido y el nombre del rol destino:producto
LA clase origen: LineaPedido y el nombre de rol: producto
LA clase destino: LineaPedido y el nombre de rol: producto
DISTINTO en: asoTarget: lineaPedido_pedido. El nombre del rol destino: pedido de el rol origen: producto
Encontrado en: asoTarget: lineaPedido_producto El nombre de rol origen (generado): lineaPedido y el nombre del rol destino:producto
LA clase origen: LineaPedido y el nombre de rol: producto
LA clase destino: LineaPedido y el nombre de rol: producto
DISTINTO en: asoTarget: lineaPedido_pedido. El nombre del rol destino: pedido de el rol origen: producto
Encontrado en: asoTarget: lineaPedido_producto El nombre de rol origen (generado): lineaPedido y el nombre del rol destino:producto
enc:utf-8
2022 [main] INFO  ipse.xtend.util.stdlib.IOExtensions  - ProductoCAD
enc:utf-8
2093 [main] INFO  ipse.xtend.util.stdlib.IOExtensions  - CategoriaCAD
enc:utf-8
2135 [main] INFO  ipse.xtend.util.stdlib.IOExtensions  - ValoracionCAD
LA clase origen: Valoracion y el nombre de rol: usuario
DISTINTO en: asoOrigin: producto_valoracion. El nombre del rol origen: producto de el rol destino: usuario
LA clase destino: Valoracion y el nombre de rol: usuario
Encontrado en: asoTarget: valoracion_usuario El nombre de rol origen (generado): valoracion y el nombre del rol destino:usuario
LA clase origen: Valoracion y el nombre de rol: usuario
DISTINTO en: asoOrigin: producto_valoracion. El nombre del rol origen: producto de el rol destino: usuario
LA clase destino: Valoracion y el nombre de rol: usuario
Encontrado en: asoTarget: valoracion_usuario El nombre de rol origen (generado): valoracion y el nombre del rol destino:usuario
LA clase origen: Valoracion y el nombre de rol: usuario
DISTINTO en: asoOrigin: producto_valoracion. El nombre del rol origen: producto de el rol destino: usuario
LA clase destino: Valoracion y el nombre de rol: usuario
Encontrado en: asoTarget: valoracion_usuario El nombre de rol origen (generado): valoracion y el nombre del rol destino:usuario
LA clase origen: Valoracion y el nombre de rol: producto
Encontrado en: asoOrigin: producto_valoracion. El nombre del rol origen: producto y el nombre de rol destino: valoracion
LA clase origen: Valoracion y el nombre de rol: producto
Encontrado en: asoOrigin: producto_valoracion. El nombre del rol origen: producto y el nombre de rol destino: valoracion
LA clase origen: Valoracion y el nombre de rol: producto
Encontrado en: asoOrigin: producto_valoracion. El nombre del rol origen: producto y el nombre de rol destino: valoracion
LA clase origen: Valoracion y el nombre de rol: producto
Encontrado en: asoOrigin: producto_valoracion. El nombre del rol origen: producto y el nombre de rol destino: valoracion
LA clase origen: Valoracion y el nombre de rol: producto
Encontrado en: asoOrigin: producto_valoracion. El nombre del rol origen: producto y el nombre de rol destino: valoracion
LA clase origen: Valoracion y el nombre de rol: producto
Encontrado en: asoOrigin: producto_valoracion. El nombre del rol origen: producto y el nombre de rol destino: valoracion
enc:utf-8
2178 [main] INFO  ipse.xtend.util.stdlib.IOExtensions  - EventoCAD
enc:utf-8
2220 [main] INFO  ipse.xtend.util.stdlib.IOExtensions  - SaborCAD
enc:utf-8
2261 [main] INFO  ipse.xtend.util.stdlib.IOExtensions  - PesoCAD
enc:utf-8
2300 [main] INFO  ipse.xtend.util.stdlib.IOExtensions  - FacturaCAD
LA clase origen: Factura y el nombre de rol: pedido
Encontrado en: asoOrigin: pedido_factura. El nombre del rol origen: pedido y el nombre de rol destino: factura
LA clase origen: Factura y el nombre de rol: pedido
Encontrado en: asoOrigin: pedido_factura. El nombre del rol origen: pedido y el nombre de rol destino: factura
LA clase origen: Factura y el nombre de rol: pedido
Encontrado en: asoOrigin: pedido_factura. El nombre del rol origen: pedido y el nombre de rol destino: factura
LA clase origen: Factura y el nombre de rol: pedido
Encontrado en: asoOrigin: pedido_factura. El nombre del rol origen: pedido y el nombre de rol destino: factura
LA clase origen: Factura y el nombre de rol: pedido
Encontrado en: asoOrigin: pedido_factura. El nombre del rol origen: pedido y el nombre de rol destino: factura
LA clase origen: Factura y el nombre de rol: pedido
Encontrado en: asoOrigin: pedido_factura. El nombre del rol origen: pedido y el nombre de rol destino: factura
enc:utf-8
2341 [main] INFO  ipse.xtend.util.stdlib.IOExtensions  - DevolucionCAD
LA clase origen: Devolucion y el nombre de rol: pedido
Encontrado en: asoOrigin: pedido_devolver. El nombre del rol origen: pedido y el nombre de rol destino: devolver
LA clase origen: Devolucion y el nombre de rol: pedido
Encontrado en: asoOrigin: pedido_devolver. El nombre del rol origen: pedido y el nombre de rol destino: devolver
LA clase origen: Devolucion y el nombre de rol: pedido
Encontrado en: asoOrigin: pedido_devolver. El nombre del rol origen: pedido y el nombre de rol destino: devolver
LA clase origen: Devolucion y el nombre de rol: pedido
Encontrado en: asoOrigin: pedido_devolver. El nombre del rol origen: pedido y el nombre de rol destino: devolver
LA clase origen: Devolucion y el nombre de rol: pedido
Encontrado en: asoOrigin: pedido_devolver. El nombre del rol origen: pedido y el nombre de rol destino: devolver
LA clase origen: Devolucion y el nombre de rol: pedido
Encontrado en: asoOrigin: pedido_devolver. El nombre del rol origen: pedido y el nombre de rol destino: devolver
enc:utf-8
enc:utf-8
enc:utf-8
enc:utf-8
enc:utf-8
enc:utf-8
enc:utf-8
enc:utf-8
enc:utf-8
enc:utf-8
enc:utf-8
enc:utf-8
enc:utf-8
2808 [main] INFO  ipse.xtend.util.stdlib.IOExtensions  - UsuarioCEN
enc:utf-8
2850 [main] INFO  ipse.xtend.util.stdlib.IOExtensions  - PedidoCEN
enc:utf-8
2895 [main] INFO  ipse.xtend.util.stdlib.IOExtensions  - LineaPedidoCEN
enc:utf-8
2933 [main] INFO  ipse.xtend.util.stdlib.IOExtensions  - ProductoCEN
enc:utf-8
2975 [main] INFO  ipse.xtend.util.stdlib.IOExtensions  - CategoriaCEN
enc:utf-8
3013 [main] INFO  ipse.xtend.util.stdlib.IOExtensions  - ValoracionCEN
enc:utf-8
3049 [main] INFO  ipse.xtend.util.stdlib.IOExtensions  - EventoCEN
enc:utf-8
3085 [main] INFO  ipse.xtend.util.stdlib.IOExtensions  - SaborCEN
enc:utf-8
3123 [main] INFO  ipse.xtend.util.stdlib.IOExtensions  - PesoCEN
enc:utf-8
3159 [main] INFO  ipse.xtend.util.stdlib.IOExtensions  - FacturaCEN
enc:utf-8
3195 [main] INFO  ipse.xtend.util.stdlib.IOExtensions  - DevolucionCEN
enc:utf-8
enc:utf-8
enc:utf-8
enc:utf-8
enc:utf-8
enc:utf-8
enc:utf-8
enc:utf-8
enc:utf-8
enc:utf-8
enc:utf-8
enc:utf-8
enc:utf-8
enc:utf-8
enc:utf-8
enc:utf-8
enc:utf-8
enc:utf-8
3834 [main] INFO  ipse.xtend.util.stdlib.IOExtensions  - es.ua.dlsi.ooh.conceptualView.impl.OperationImpl@70325e14 (name: iniciarSesion, visibility: Public, operationType: Login, description: null, type: String, collectionType: None, isStatic: false, isOrdered: false, filter: null, precondition: null, body: null, postcondition: null, automaticSynchronize: true, customized: false, paging: false, customizedTransaction: false)
3834 [main] INFO  ipse.xtend.util.stdlib.IOExtensions  - es.ua.dlsi.ooh.conceptualView.impl.OperationImpl@2002fc1d (name: crearUsuario, visibility: Public, operationType: New, description: null, type: Object, collectionType: None, isStatic: false, isOrdered: false, filter: null, precondition: null, body: null, postcondition: null, automaticSynchronize: true, customized: false, paging: false, customizedTransaction: false)
3834 [main] INFO  ipse.xtend.util.stdlib.IOExtensions  - es.ua.dlsi.ooh.conceptualView.impl.OperationImpl@3d34d211 (name: calcularMacronutrientes, visibility: Public, operationType: Custom, description: null, type: Object, collectionType: None, isStatic: false, isOrdered: false, filter: null, precondition: null, body: null, postcondition: null, automaticSynchronize: true, customized: false, paging: false, customizedTransaction: false)
3834 [main] INFO  ipse.xtend.util.stdlib.IOExtensions  - es.ua.dlsi.ooh.conceptualView.impl.OperationImpl@4988d8b8 (name: cerrarSesion, visibility: Public, operationType: Custom, description: null, type: Void, collectionType: None, isStatic: false, isOrdered: false, filter: null, precondition: null, body: null, postcondition: null, automaticSynchronize: true, customized: false, paging: false, customizedTransaction: false)
3834 [main] INFO  ipse.xtend.util.stdlib.IOExtensions  - es.ua.dlsi.ooh.conceptualView.impl.OperationImpl@305b7c14 (name: modificarUsuario, visibility: Public, operationType: Modifier, description: null, type: Void, collectionType: None, isStatic: false, isOrdered: false, filter: null, precondition: null, body: null, postcondition: null, automaticSynchronize: true, customized: false, paging: false, customizedTransaction: false)
3834 [main] INFO  ipse.xtend.util.stdlib.IOExtensions  - es.ua.dlsi.ooh.conceptualView.impl.OperationImpl@609cd4d8 (name: borrarUsuario, visibility: Public, operationType: Destroy, description: null, type: Void, collectionType: None, isStatic: false, isOrdered: false, filter: null, precondition: null, body: null, postcondition: null, automaticSynchronize: true, customized: false, paging: false, customizedTransaction: false)
3834 [main] INFO  ipse.xtend.util.stdlib.IOExtensions  - es.ua.dlsi.ooh.conceptualView.impl.OperationImpl@7d8704ef (name: dameUsuarioOID, visibility: Public, operationType: ReadOID, description: null, type: Object, collectionType: None, isStatic: false, isOrdered: false, filter: null, precondition: null, body: null, postcondition: null, automaticSynchronize: true, customized: false, paging: false, customizedTransaction: false)
3834 [main] INFO  ipse.xtend.util.stdlib.IOExtensions  - es.ua.dlsi.ooh.conceptualView.impl.OperationImpl@158a8276 (name: dameUsuarioTodos, visibility: Public, operationType: ReadAll, description: null, type: Object, collectionType: List, isStatic: false, isOrdered: false, filter: null, precondition: null, body: null, postcondition: null, automaticSynchronize: true, customized: false, paging: false, customizedTransaction: false)
3834 [main] INFO  ipse.xtend.util.stdlib.IOExtensions  - es.ua.dlsi.ooh.conceptualView.impl.OperationImpl@3c3d9b6b (name: recuperarContrasenya, visibility: Public, operationType: Custom, description: null, type: Void, collectionType: None, isStatic: false, isOrdered: false, filter: null, precondition: null, body: null, postcondition: null, automaticSynchronize: true, customized: false, paging: false, customizedTransaction: false)
3834 [main] INFO  ipse.xtend.util.stdlib.IOExtensions  - es.ua.dlsi.ooh.conceptualView.impl.OperationImpl@5fbe4146 (name: anyadirCategoriaPreferencia, visibility: Public, operationType: Relationer, description: null, type: Void, collectionType: None, isStatic: false, isOrdered: false, filter: null, precondition: null, body: null, postcondition: null, automaticSynchronize: true, customized: false, paging: false, customizedTransaction: false)
3834 [main] INFO  ipse.xtend.util.stdlib.IOExtensions  - es.ua.dlsi.ooh.conceptualView.impl.OperationImpl@7530ad9c (name: eliminarCategoriaPreferencia, visibility: Public, operationType: Unrelationer, description: null, type: Void, collectionType: None, isStatic: false, isOrdered: false, filter: null, precondition: null, body: null, postcondition: null, automaticSynchronize: true, customized: false, paging: false, customizedTransaction: false)
3834 [main] INFO  ipse.xtend.util.stdlib.IOExtensions  - es.ua.dlsi.ooh.conceptualView.impl.OperationImpl@394df057 (name: dameDeseados, visibility: Public, operationType: CustomTransaction, description: null, type: Object, collectionType: List, isStatic: false, isOrdered: false, filter: FROM UsuarioEN, precondition: null, body: null, postcondition: null, automaticSynchronize: false, customized: false, paging: false, customizedTransaction: false)
enc:utf-8
3868 [main] INFO  ipse.xtend.util.stdlib.IOExtensions  - es.ua.dlsi.ooh.conceptualView.impl.OperationImpl@5aebe890 (name: anyadirDeseado, visibility: Public, operationType: Relationer, description: null, type: Void, collectionType: None, isStatic: false, isOrdered: false, filter: null, precondition: null, body: null, postcondition: null, automaticSynchronize: true, customized: false, paging: false, customizedTransaction: false)
3868 [main] INFO  ipse.xtend.util.stdlib.IOExtensions  - es.ua.dlsi.ooh.conceptualView.impl.OperationImpl@75db5df9 (name: eliminarDeseado, visibility: Public, operationType: Unrelationer, description: null, type: Void, collectionType: None, isStatic: false, isOrdered: false, filter: null, precondition: null, body: null, postcondition: null, automaticSynchronize: true, customized: false, paging: false, customizedTransaction: false)
enc:utf-8
3901 [main] INFO  ipse.xtend.util.stdlib.IOExtensions  - es.ua.dlsi.ooh.conceptualView.impl.OperationImpl@58ea606c (name: crearPedido, visibility: Public, operationType: New, description: null, type: Object, collectionType: None, isStatic: false, isOrdered: false, filter: null, precondition: null, body: null, postcondition: null, automaticSynchronize: true, customized: false, paging: false, customizedTransaction: false)
3901 [main] INFO  ipse.xtend.util.stdlib.IOExtensions  - es.ua.dlsi.ooh.conceptualView.impl.OperationImpl@63070bab (name: pagarPedido, visibility: Public, operationType: Custom, description: null, type: Void, collectionType: None, isStatic: false, isOrdered: false, filter: null, precondition: null, body: null, postcondition: null, automaticSynchronize: true, customized: false, paging: false, customizedTransaction: false)
3901 [main] INFO  ipse.xtend.util.stdlib.IOExtensions  - es.ua.dlsi.ooh.conceptualView.impl.OperationImpl@291b4bf5 (name: modificarPedido, visibility: Public, operationType: Modifier, description: null, type: Void, collectionType: None, isStatic: false, isOrdered: false, filter: null, precondition: null, body: null, postcondition: null, automaticSynchronize: true, customized: false, paging: false, customizedTransaction: false)
3901 [main] INFO  ipse.xtend.util.stdlib.IOExtensions  - es.ua.dlsi.ooh.conceptualView.impl.OperationImpl@31f9b85e (name: borrarPedido, visibility: Public, operationType: Destroy, description: null, type: Void, collectionType: None, isStatic: false, isOrdered: false, filter: null, precondition: null, body: null, postcondition: null, automaticSynchronize: true, customized: false, paging: false, customizedTransaction: false)
3901 [main] INFO  ipse.xtend.util.stdlib.IOExtensions  - es.ua.dlsi.ooh.conceptualView.impl.OperationImpl@10d68fcd (name: damePedidoOID, visibility: Public, operationType: ReadOID, description: null, type: Object, collectionType: None, isStatic: false, isOrdered: false, filter: null, precondition: null, body: null, postcondition: null, automaticSynchronize: true, customized: false, paging: false, customizedTransaction: false)
3902 [main] INFO  ipse.xtend.util.stdlib.IOExtensions  - es.ua.dlsi.ooh.conceptualView.impl.OperationImpl@6db9f5a4 (name: damePedidoTodos, visibility: Public, operationType: ReadAll, description: null, type: Object, collectionType: List, isStatic: false, isOrdered: false, filter: null, precondition: null, body: null, postcondition: null, automaticSynchronize: true, customized: false, paging: false, customizedTransaction: false)
3902 [main] INFO  ipse.xtend.util.stdlib.IOExtensions  - es.ua.dlsi.ooh.conceptualView.impl.OperationImpl@5f8edcc5 (name: getTotal, visibility: Public, operationType: Custom, description: null, type: Float, collectionType: None, isStatic: false, isOrdered: false, filter: null, precondition: null, body: null, postcondition: null, automaticSynchronize: true, customized: false, paging: false, customizedTransaction: false)
3902 [main] INFO  ipse.xtend.util.stdlib.IOExtensions  - es.ua.dlsi.ooh.conceptualView.impl.OperationImpl@1ebd319f (name: getEstado, visibility: Public, operationType: Custom, description: null, type: Enum, collectionType: None, isStatic: false, isOrdered: false, filter: null, precondition: null, body: null, postcondition: null, automaticSynchronize: true, customized: false, paging: false, customizedTransaction: false)
3902 [main] INFO  ipse.xtend.util.stdlib.IOExtensions  - es.ua.dlsi.ooh.conceptualView.impl.OperationImpl@15ca7889 (name: damePedidoUsuario, visibility: Public, operationType: ReadFilter, description: null, type: Object, collectionType: List, isStatic: false, isOrdered: false, filter: FROM PedidoEN as ped WHERE ped.Usuario.Email = :usuario, precondition: null, body: null, postcondition: null, automaticSynchronize: false, customized: false, paging: false, customizedTransaction: false)
3902 [main] INFO  ipse.xtend.util.stdlib.IOExtensions  - es.ua.dlsi.ooh.conceptualView.impl.OperationImpl@d21a74c (name: generarFactura, visibility: Public, operationType: Custom, description: null, type: Void, collectionType: None, isStatic: false, isOrdered: false, filter: null, precondition: null, body: null, postcondition: null, automaticSynchronize: true, customized: false, paging: false, customizedTransaction: false)
3902 [main] INFO  ipse.xtend.util.stdlib.IOExtensions  - es.ua.dlsi.ooh.conceptualView.impl.OperationImpl@2898ac89 (name: getCodigoLocalizacion, visibility: Public, operationType: Custom, description: null, type: String, collectionType: None, isStatic: false, isOrdered: false, filter: null, precondition: null, body: null, postcondition: null, automaticSynchronize: true, customized: false, paging: false, customizedTransaction: false)
3902 [main] INFO  ipse.xtend.util.stdlib.IOExtensions  - es.ua.dlsi.ooh.conceptualView.impl.OperationImpl@68267da0 (name: getCodigoDevolucion, visibility: Public, operationType: Custom, description: null, type: String, collectionType: None, isStatic: false, isOrdered: false, filter: null, precondition: null, body: null, postcondition: null, automaticSynchronize: true, customized: false, paging: false, customizedTransaction: false)
3902 [main] INFO  ipse.xtend.util.stdlib.IOExtensions  - es.ua.dlsi.ooh.conceptualView.impl.OperationImpl@6ff29830 (name: generarCodigoLocalizacion, visibility: Public, operationType: Custom, description: null, type: Void, collectionType: None, isStatic: false, isOrdered: false, filter: null, precondition: null, body: null, postcondition: null, automaticSynchronize: true, customized: false, paging: false, customizedTransaction: false)
3902 [main] INFO  ipse.xtend.util.stdlib.IOExtensions  - es.ua.dlsi.ooh.conceptualView.impl.OperationImpl@313b2ea6 (name: verCarrito, visibility: Public, operationType: ReadFilter, description: null, type: Object, collectionType: List, isStatic: false, isOrdered: false, filter: SELECT ped FROM PedidoEN as ped INNER JOIN ped.Usuario usu WHERE ped.Estado = 4 AND usu.Email = :usu, precondition: null, body: null, postcondition: null, automaticSynchronize: false, customized: false, paging: false, customizedTransaction: false)
3902 [main] INFO  ipse.xtend.util.stdlib.IOExtensions  - es.ua.dlsi.ooh.conceptualView.impl.OperationImpl@548e6d58 (name: enviarPedido, visibility: Public, operationType: Custom, description: null, type: Void, collectionType: None, isStatic: false, isOrdered: false, filter: null, precondition: null, body: null, postcondition: null, automaticSynchronize: true, customized: false, paging: false, customizedTransaction: false)
3902 [main] INFO  ipse.xtend.util.stdlib.IOExtensions  - es.ua.dlsi.ooh.conceptualView.impl.OperationImpl@a1cdc6d (name: entregarPedido, visibility: Public, operationType: Custom, description: null, type: Void, collectionType: None, isStatic: false, isOrdered: false, filter: null, precondition: null, body: null, postcondition: null, automaticSynchronize: true, customized: false, paging: false, customizedTransaction: false)
enc:utf-8
3935 [main] INFO  ipse.xtend.util.stdlib.IOExtensions  - es.ua.dlsi.ooh.conceptualView.impl.OperationImpl@3f56875e (name: crearLinea, visibility: Public, operationType: New, description: null, type: Object, collectionType: None, isStatic: false, isOrdered: false, filter: null, precondition: null, body: null, postcondition: null, automaticSynchronize: true, customized: false, paging: false, customizedTransaction: false)
3935 [main] INFO  ipse.xtend.util.stdlib.IOExtensions  - es.ua.dlsi.ooh.conceptualView.impl.OperationImpl@484970b0 (name: modificarLinea, visibility: Public, operationType: Modifier, description: null, type: Void, collectionType: None, isStatic: false, isOrdered: false, filter: null, precondition: null, body: null, postcondition: null, automaticSynchronize: true, customized: false, paging: false, customizedTransaction: false)
3935 [main] INFO  ipse.xtend.util.stdlib.IOExtensions  - es.ua.dlsi.ooh.conceptualView.impl.OperationImpl@740773a3 (name: borrarLineaPedido, visibility: Public, operationType: Destroy, description: null, type: Void, collectionType: None, isStatic: false, isOrdered: false, filter: null, precondition: null, body: null, postcondition: null, automaticSynchronize: true, customized: false, paging: false, customizedTransaction: false)
3935 [main] INFO  ipse.xtend.util.stdlib.IOExtensions  - es.ua.dlsi.ooh.conceptualView.impl.OperationImpl@55740540 (name: dameLineaPedidoOID, visibility: Public, operationType: ReadOID, description: null, type: Object, collectionType: None, isStatic: false, isOrdered: false, filter: null, precondition: null, body: null, postcondition: null, automaticSynchronize: true, customized: false, paging: false, customizedTransaction: false)
3935 [main] INFO  ipse.xtend.util.stdlib.IOExtensions  - es.ua.dlsi.ooh.conceptualView.impl.OperationImpl@2f54a33d (name: dameLineaPedidoTodos, visibility: Public, operationType: ReadAll, description: null, type: Object, collectionType: List, isStatic: false, isOrdered: false, filter: null, precondition: null, body: null, postcondition: null, automaticSynchronize: true, customized: false, paging: false, customizedTransaction: false)
3935 [main] INFO  ipse.xtend.util.stdlib.IOExtensions  - es.ua.dlsi.ooh.conceptualView.impl.OperationImpl@1018bde2 (name: getTotalLinea, visibility: Public, operationType: Custom, description: null, type: Float, collectionType: None, isStatic: false, isOrdered: false, filter: null, precondition: null, body: null, postcondition: null, automaticSynchronize: true, customized: false, paging: false, customizedTransaction: false)
3935 [main] INFO  ipse.xtend.util.stdlib.IOExtensions  - es.ua.dlsi.ooh.conceptualView.impl.OperationImpl@f2ff811 (name: verLineasPorPedido, visibility: Public, operationType: ReadFilter, description: null, type: Object, collectionType: List, isStatic: false, isOrdered: false, filter: FROM LineaPedidoEN as lin where lin.Pedido= :ped, precondition: null, body: null, postcondition: null, automaticSynchronize: false, customized: false, paging: false, customizedTransaction: false)
enc:utf-8
3969 [main] INFO  ipse.xtend.util.stdlib.IOExtensions  - es.ua.dlsi.ooh.conceptualView.impl.OperationImpl@574b560f (name: incrementarStock, visibility: Public, operationType: Custom, description: null, type: Void, collectionType: None, isStatic: false, isOrdered: false, filter: null, precondition: null, body: null, postcondition: null, automaticSynchronize: true, customized: false, paging: false, customizedTransaction: false)
3969 [main] INFO  ipse.xtend.util.stdlib.IOExtensions  - es.ua.dlsi.ooh.conceptualView.impl.OperationImpl@3943a2be (name: decrementarStock, visibility: Public, operationType: Custom, description: null, type: Void, collectionType: None, isStatic: false, isOrdered: false, filter: null, precondition: null, body: null, postcondition: null, automaticSynchronize: true, customized: false, paging: false, customizedTransaction: false)
3969 [main] INFO  ipse.xtend.util.stdlib.IOExtensions  - es.ua.dlsi.ooh.conceptualView.impl.OperationImpl@71c3b41 (name: dameProductoOID, visibility: Public, operationType: ReadOID, description: null, type: Object, collectionType: None, isStatic: false, isOrdered: false, filter: null, precondition: null, body: null, postcondition: null, automaticSynchronize: true, customized: false, paging: false, customizedTransaction: false)
3969 [main] INFO  ipse.xtend.util.stdlib.IOExtensions  - es.ua.dlsi.ooh.conceptualView.impl.OperationImpl@3cc1435c (name: dameProductoTodos, visibility: Public, operationType: ReadAll, description: null, type: Object, collectionType: List, isStatic: false, isOrdered: false, filter: null, precondition: null, body: null, postcondition: null, automaticSynchronize: true, customized: false, paging: false, customizedTransaction: false)
3969 [main] INFO  ipse.xtend.util.stdlib.IOExtensions  - es.ua.dlsi.ooh.conceptualView.impl.OperationImpl@6bf0219d (name: dameProductoPorFiltro, visibility: Public, operationType: ReadFilter, description: null, type: Object, collectionType: List, isStatic: false, isOrdered: false, filter: FROM ProductoEN as pro WHERE pro.Nombre = :articulo, precondition: null, body: null, postcondition: null, automaticSynchronize: false, customized: false, paging: false, customizedTransaction: false)
3969 [main] INFO  ipse.xtend.util.stdlib.IOExtensions  - es.ua.dlsi.ooh.conceptualView.impl.OperationImpl@5f16132a (name: crearProducto, visibility: Public, operationType: New, description: null, type: Object, collectionType: None, isStatic: false, isOrdered: false, filter: null, precondition: null, body: null, postcondition: null, automaticSynchronize: true, customized: false, paging: false, customizedTransaction: false)
3969 [main] INFO  ipse.xtend.util.stdlib.IOExtensions  - es.ua.dlsi.ooh.conceptualView.impl.OperationImpl@55f616cf (name: modificarProducto, visibility: Public, operationType: Modifier, description: null, type: Void, collectionType: None, isStatic: false, isOrdered: false, filter: null, precondition: null, body: null, postcondition: null, automaticSynchronize: true, customized: false, paging: false, customizedTransaction: false)
3969 [main] INFO  ipse.xtend.util.stdlib.IOExtensions  - es.ua.dlsi.ooh.conceptualView.impl.OperationImpl@4f67eb2a (name: borrarProducto, visibility: Public, operationType: Destroy, description: null, type: Void, collectionType: None, isStatic: false, isOrdered: false, filter: null, precondition: null, body: null, postcondition: null, automaticSynchronize: true, customized: false, paging: false, customizedTransaction: false)
3969 [main] INFO  ipse.xtend.util.stdlib.IOExtensions  - es.ua.dlsi.ooh.conceptualView.impl.OperationImpl@5f683daf (name: asignarCategoria, visibility: Public, operationType: Relationer, description: null, type: Void, collectionType: None, isStatic: false, isOrdered: false, filter: null, precondition: null, body: null, postcondition: null, automaticSynchronize: true, customized: false, paging: false, customizedTransaction: false)
3970 [main] INFO  ipse.xtend.util.stdlib.IOExtensions  - es.ua.dlsi.ooh.conceptualView.impl.OperationImpl@76f2bbc1 (name: desasignarCategoria, visibility: Public, operationType: Unrelationer, description: null, type: Void, collectionType: None, isStatic: false, isOrdered: false, filter: null, precondition: null, body: null, postcondition: null, automaticSynchronize: true, customized: false, paging: false, customizedTransaction: false)
3970 [main] INFO  ipse.xtend.util.stdlib.IOExtensions  - es.ua.dlsi.ooh.conceptualView.impl.OperationImpl@6c779568 (name: getTotalValoraciones, visibility: Public, operationType: CustomTransaction, description: null, type: Integer, collectionType: None, isStatic: false, isOrdered: false, filter: null, precondition: null, body: null, postcondition: null, automaticSynchronize: true, customized: false, paging: false, customizedTransaction: false)
enc:utf-8
4006 [main] INFO  ipse.xtend.util.stdlib.IOExtensions  - es.ua.dlsi.ooh.conceptualView.impl.OperationImpl@2cdd0d4b (name: getMediaValoraciones, visibility: Public, operationType: CustomTransaction, description: null, type: Float, collectionType: None, isStatic: false, isOrdered: false, filter: null, precondition: null, body: null, postcondition: null, automaticSynchronize: true, customized: false, paging: false, customizedTransaction: false)
enc:utf-8
4041 [main] INFO  ipse.xtend.util.stdlib.IOExtensions  - es.ua.dlsi.ooh.conceptualView.impl.OperationImpl@2e1d27ba (name: anyadirPeso, visibility: Public, operationType: Relationer, description: null, type: Void, collectionType: None, isStatic: false, isOrdered: false, filter: null, precondition: null, body: null, postcondition: null, automaticSynchronize: true, customized: false, paging: false, customizedTransaction: false)
4041 [main] INFO  ipse.xtend.util.stdlib.IOExtensions  - es.ua.dlsi.ooh.conceptualView.impl.OperationImpl@524d6d96 (name: anyadirSabor, visibility: Public, operationType: Relationer, description: null, type: Void, collectionType: None, isStatic: false, isOrdered: false, filter: null, precondition: null, body: null, postcondition: null, automaticSynchronize: true, customized: false, paging: false, customizedTransaction: false)
4041 [main] INFO  ipse.xtend.util.stdlib.IOExtensions  - es.ua.dlsi.ooh.conceptualView.impl.OperationImpl@4ef37659 (name: eliminarPeso, visibility: Public, operationType: Unrelationer, description: null, type: Void, collectionType: None, isStatic: false, isOrdered: false, filter: null, precondition: null, body: null, postcondition: null, automaticSynchronize: true, customized: false, paging: false, customizedTransaction: false)
4041 [main] INFO  ipse.xtend.util.stdlib.IOExtensions  - es.ua.dlsi.ooh.conceptualView.impl.OperationImpl@4e268090 (name: eliminarSabor, visibility: Public, operationType: Unrelationer, description: null, type: Void, collectionType: None, isStatic: false, isOrdered: false, filter: null, precondition: null, body: null, postcondition: null, automaticSynchronize: true, customized: false, paging: false, customizedTransaction: false)
4041 [main] INFO  ipse.xtend.util.stdlib.IOExtensions  - es.ua.dlsi.ooh.conceptualView.impl.OperationImpl@2beee7ff (name: dameProductoPorCategoria, visibility: Public, operationType: ReadFilter, description: null, type: Object, collectionType: List, isStatic: false, isOrdered: false, filter: SELECT pro FROM ProductoEN as pro INNER JOIN pro.Categoria as cat WHERE cat.Nombre = :categoria, precondition: null, body: null, postcondition: null, automaticSynchronize: false, customized: false, paging: false, customizedTransaction: false)
4041 [main] INFO  ipse.xtend.util.stdlib.IOExtensions  - es.ua.dlsi.ooh.conceptualView.impl.OperationImpl@5939a379 (name: dameProductoPorSabor, visibility: Public, operationType: ReadFilter, description: null, type: Object, collectionType: List, isStatic: false, isOrdered: false, filter: SELECT pro FROM ProductoEN as pro INNER JOIN pro.Sabor as sab WHERE sab.Nombre = :sabor, precondition: null, body: null, postcondition: null, automaticSynchronize: false, customized: false, paging: false, customizedTransaction: false)
4041 [main] INFO  ipse.xtend.util.stdlib.IOExtensions  - es.ua.dlsi.ooh.conceptualView.impl.OperationImpl@52102734 (name: dameProductoPorPeso, visibility: Public, operationType: ReadFilter, description: null, type: Object, collectionType: List, isStatic: false, isOrdered: false, filter: SELECT pro FROM ProductoEN as pro INNER JOIN pro.Peso as pes WHERE pes.Cantidad = :peso, precondition: null, body: null, postcondition: null, automaticSynchronize: false, customized: false, paging: false, customizedTransaction: false)
enc:utf-8
4073 [main] INFO  ipse.xtend.util.stdlib.IOExtensions  - es.ua.dlsi.ooh.conceptualView.impl.OperationImpl@4da4253 (name: crearCategoria, visibility: Public, operationType: New, description: null, type: Object, collectionType: None, isStatic: false, isOrdered: false, filter: null, precondition: null, body: null, postcondition: null, automaticSynchronize: true, customized: false, paging: false, customizedTransaction: false)
4073 [main] INFO  ipse.xtend.util.stdlib.IOExtensions  - es.ua.dlsi.ooh.conceptualView.impl.OperationImpl@503d687a (name: modificarCategoria, visibility: Public, operationType: Modifier, description: null, type: Void, collectionType: None, isStatic: false, isOrdered: false, filter: null, precondition: null, body: null, postcondition: null, automaticSynchronize: true, customized: false, paging: false, customizedTransaction: false)
4073 [main] INFO  ipse.xtend.util.stdlib.IOExtensions  - es.ua.dlsi.ooh.conceptualView.impl.OperationImpl@770d3326 (name: borrarCategoria, visibility: Public, operationType: Destroy, description: null, type: Void, collectionType: None, isStatic: false, isOrdered: false, filter: null, precondition: null, body: null, postcondition: null, automaticSynchronize: true, customized: false, paging: false, customizedTransaction: false)
4073 [main] INFO  ipse.xtend.util.stdlib.IOExtensions  - es.ua.dlsi.ooh.conceptualView.impl.OperationImpl@51f116b8 (name: dameCategoriaOID, visibility: Public, operationType: ReadOID, description: null, type: Object, collectionType: None, isStatic: false, isOrdered: false, filter: null, precondition: null, body: null, postcondition: null, automaticSynchronize: true, customized: false, paging: false, customizedTransaction: false)
4073 [main] INFO  ipse.xtend.util.stdlib.IOExtensions  - es.ua.dlsi.ooh.conceptualView.impl.OperationImpl@1f97cf0d (name: dameCategoriaTodos, visibility: Public, operationType: ReadAll, description: null, type: Object, collectionType: List, isStatic: false, isOrdered: false, filter: null, precondition: null, body: null, postcondition: null, automaticSynchronize: true, customized: false, paging: false, customizedTransaction: false)
enc:utf-8
4106 [main] INFO  ipse.xtend.util.stdlib.IOExtensions  - es.ua.dlsi.ooh.conceptualView.impl.OperationImpl@2e222612 (name: crearValoracion, visibility: Public, operationType: New, description: null, type: Object, collectionType: None, isStatic: false, isOrdered: false, filter: null, precondition: null, body: null, postcondition: null, automaticSynchronize: true, customized: false, paging: false, customizedTransaction: false)
4106 [main] INFO  ipse.xtend.util.stdlib.IOExtensions  - es.ua.dlsi.ooh.conceptualView.impl.OperationImpl@6b8ca3c8 (name: modificarValoracion, visibility: Public, operationType: Modifier, description: null, type: Void, collectionType: None, isStatic: false, isOrdered: false, filter: null, precondition: null, body: null, postcondition: null, automaticSynchronize: true, customized: false, paging: false, customizedTransaction: false)
4106 [main] INFO  ipse.xtend.util.stdlib.IOExtensions  - es.ua.dlsi.ooh.conceptualView.impl.OperationImpl@34f7cfd9 (name: borrarValoracion, visibility: Public, operationType: Destroy, description: null, type: Void, collectionType: None, isStatic: false, isOrdered: false, filter: null, precondition: null, body: null, postcondition: null, automaticSynchronize: true, customized: false, paging: false, customizedTransaction: false)
4106 [main] INFO  ipse.xtend.util.stdlib.IOExtensions  - es.ua.dlsi.ooh.conceptualView.impl.OperationImpl@59af0466 (name: dameValoracionOID, visibility: Public, operationType: ReadOID, description: null, type: Object, collectionType: None, isStatic: false, isOrdered: false, filter: null, precondition: null, body: null, postcondition: null, automaticSynchronize: true, customized: false, paging: false, customizedTransaction: false)
4106 [main] INFO  ipse.xtend.util.stdlib.IOExtensions  - es.ua.dlsi.ooh.conceptualView.impl.OperationImpl@346d61be (name: dameValoracionTodos, visibility: Public, operationType: ReadAll, description: null, type: Object, collectionType: List, isStatic: false, isOrdered: false, filter: null, precondition: null, body: null, postcondition: null, automaticSynchronize: true, customized: false, paging: false, customizedTransaction: false)
enc:utf-8
4139 [main] INFO  ipse.xtend.util.stdlib.IOExtensions  - es.ua.dlsi.ooh.conceptualView.impl.OperationImpl@74455848 (name: crearEvento, visibility: Public, operationType: New, description: null, type: Object, collectionType: None, isStatic: false, isOrdered: false, filter: null, precondition: null, body: null, postcondition: null, automaticSynchronize: true, customized: false, paging: false, customizedTransaction: false)
4139 [main] INFO  ipse.xtend.util.stdlib.IOExtensions  - es.ua.dlsi.ooh.conceptualView.impl.OperationImpl@11bd0f3b (name: modificarEvento, visibility: Public, operationType: Modifier, description: null, type: Void, collectionType: None, isStatic: false, isOrdered: false, filter: null, precondition: null, body: null, postcondition: null, automaticSynchronize: true, customized: false, paging: false, customizedTransaction: false)
4139 [main] INFO  ipse.xtend.util.stdlib.IOExtensions  - es.ua.dlsi.ooh.conceptualView.impl.OperationImpl@5fd4f8f5 (name: borrarEvento, visibility: Public, operationType: Destroy, description: null, type: Void, collectionType: None, isStatic: false, isOrdered: false, filter: null, precondition: null, body: null, postcondition: null, automaticSynchronize: true, customized: false, paging: false, customizedTransaction: false)
4139 [main] INFO  ipse.xtend.util.stdlib.IOExtensions  - es.ua.dlsi.ooh.conceptualView.impl.OperationImpl@4e7912d8 (name: dameEventoOID, visibility: Public, operationType: ReadOID, description: null, type: Object, collectionType: None, isStatic: false, isOrdered: false, filter: null, precondition: null, body: null, postcondition: null, automaticSynchronize: true, customized: false, paging: false, customizedTransaction: false)
4139 [main] INFO  ipse.xtend.util.stdlib.IOExtensions  - es.ua.dlsi.ooh.conceptualView.impl.OperationImpl@2bfc268b (name: dameEventoTodos, visibility: Public, operationType: ReadAll, description: null, type: Object, collectionType: List, isStatic: false, isOrdered: false, filter: null, precondition: null, body: null, postcondition: null, automaticSynchronize: true, customized: false, paging: false, customizedTransaction: false)
4139 [main] INFO  ipse.xtend.util.stdlib.IOExtensions  - es.ua.dlsi.ooh.conceptualView.impl.OperationImpl@2f8dad04 (name: dameEventoPorCategoria, visibility: Public, operationType: ReadFilter, description: null, type: Object, collectionType: List, isStatic: false, isOrdered: false, filter: SELECT ev FROM EventoEN as ev INNER JOIN ev.Categoria as cate where cate.Nombre = :categ, precondition: null, body: null, postcondition: null, automaticSynchronize: false, customized: false, paging: false, customizedTransaction: false)
enc:utf-8
4172 [main] INFO  ipse.xtend.util.stdlib.IOExtensions  - es.ua.dlsi.ooh.conceptualView.impl.OperationImpl@1613674b (name: crearSabor, visibility: Public, operationType: New, description: null, type: Object, collectionType: None, isStatic: false, isOrdered: false, filter: null, precondition: null, body: null, postcondition: null, automaticSynchronize: true, customized: false, paging: false, customizedTransaction: false)
4172 [main] INFO  ipse.xtend.util.stdlib.IOExtensions  - es.ua.dlsi.ooh.conceptualView.impl.OperationImpl@4e096385 (name: modificarSabor, visibility: Public, operationType: Modifier, description: null, type: Void, collectionType: None, isStatic: false, isOrdered: false, filter: null, precondition: null, body: null, postcondition: null, automaticSynchronize: true, customized: false, paging: false, customizedTransaction: false)
4172 [main] INFO  ipse.xtend.util.stdlib.IOExtensions  - es.ua.dlsi.ooh.conceptualView.impl.OperationImpl@693fe6c9 (name: borrarSabor, visibility: Public, operationType: Destroy, description: null, type: Void, collectionType: None, isStatic: false, isOrdered: false, filter: null, precondition: null, body: null, postcondition: null, automaticSynchronize: true, customized: false, paging: false, customizedTransaction: false)
4172 [main] INFO  ipse.xtend.util.stdlib.IOExtensions  - es.ua.dlsi.ooh.conceptualView.impl.OperationImpl@31e5415e (name: daneSaborOID, visibility: Public, operationType: ReadOID, description: null, type: Object, collectionType: None, isStatic: false, isOrdered: false, filter: null, precondition: null, body: null, postcondition: null, automaticSynchronize: true, customized: false, paging: false, customizedTransaction: false)
4172 [main] INFO  ipse.xtend.util.stdlib.IOExtensions  - es.ua.dlsi.ooh.conceptualView.impl.OperationImpl@1cbb87f3 (name: dameSaborTodos, visibility: Public, operationType: ReadAll, description: null, type: Object, collectionType: List, isStatic: false, isOrdered: false, filter: null, precondition: null, body: null, postcondition: null, automaticSynchronize: true, customized: false, paging: false, customizedTransaction: false)
enc:utf-8
4205 [main] INFO  ipse.xtend.util.stdlib.IOExtensions  - es.ua.dlsi.ooh.conceptualView.impl.OperationImpl@702b8b12 (name: crearPeso, visibility: Public, operationType: New, description: null, type: Object, collectionType: None, isStatic: false, isOrdered: false, filter: null, precondition: null, body: null, postcondition: null, automaticSynchronize: true, customized: false, paging: false, customizedTransaction: false)
4205 [main] INFO  ipse.xtend.util.stdlib.IOExtensions  - es.ua.dlsi.ooh.conceptualView.impl.OperationImpl@49912c99 (name: modificarPeso, visibility: Public, operationType: Modifier, description: null, type: Void, collectionType: None, isStatic: false, isOrdered: false, filter: null, precondition: null, body: null, postcondition: null, automaticSynchronize: true, customized: false, paging: false, customizedTransaction: false)
4206 [main] INFO  ipse.xtend.util.stdlib.IOExtensions  - es.ua.dlsi.ooh.conceptualView.impl.OperationImpl@2dde1bff (name: borrarPeso, visibility: Public, operationType: Destroy, description: null, type: Void, collectionType: None, isStatic: false, isOrdered: false, filter: null, precondition: null, body: null, postcondition: null, automaticSynchronize: true, customized: false, paging: false, customizedTransaction: false)
4206 [main] INFO  ipse.xtend.util.stdlib.IOExtensions  - es.ua.dlsi.ooh.conceptualView.impl.OperationImpl@550ee7e5 (name: damePesoOID, visibility: Public, operationType: ReadOID, description: null, type: Object, collectionType: None, isStatic: false, isOrdered: false, filter: null, precondition: null, body: null, postcondition: null, automaticSynchronize: true, customized: false, paging: false, customizedTransaction: false)
4206 [main] INFO  ipse.xtend.util.stdlib.IOExtensions  - es.ua.dlsi.ooh.conceptualView.impl.OperationImpl@247d8ae (name: damePesoTodos, visibility: Public, operationType: ReadAll, description: null, type: Object, collectionType: List, isStatic: false, isOrdered: false, filter: null, precondition: null, body: null, postcondition: null, automaticSynchronize: true, customized: false, paging: false, customizedTransaction: false)
enc:utf-8
4241 [main] INFO  ipse.xtend.util.stdlib.IOExtensions  - es.ua.dlsi.ooh.conceptualView.impl.OperationImpl@d29f28 (name: crearFactura, visibility: Public, operationType: New, description: null, type: Object, collectionType: None, isStatic: false, isOrdered: false, filter: null, precondition: null, body: null, postcondition: null, automaticSynchronize: true, customized: false, paging: false, customizedTransaction: false)
4241 [main] INFO  ipse.xtend.util.stdlib.IOExtensions  - es.ua.dlsi.ooh.conceptualView.impl.OperationImpl@29d89d5d (name: modificarFactura, visibility: Public, operationType: Modifier, description: null, type: Void, collectionType: None, isStatic: false, isOrdered: false, filter: null, precondition: null, body: null, postcondition: null, automaticSynchronize: true, customized: false, paging: false, customizedTransaction: false)
4241 [main] INFO  ipse.xtend.util.stdlib.IOExtensions  - es.ua.dlsi.ooh.conceptualView.impl.OperationImpl@212b5695 (name: borrarFactura, visibility: Public, operationType: Destroy, description: null, type: Void, collectionType: None, isStatic: false, isOrdered: false, filter: null, precondition: null, body: null, postcondition: null, automaticSynchronize: true, customized: false, paging: false, customizedTransaction: false)
4241 [main] INFO  ipse.xtend.util.stdlib.IOExtensions  - es.ua.dlsi.ooh.conceptualView.impl.OperationImpl@69997e9d (name: dameFacturaOID, visibility: Public, operationType: ReadOID, description: null, type: Object, collectionType: None, isStatic: false, isOrdered: false, filter: null, precondition: null, body: null, postcondition: null, automaticSynchronize: true, customized: false, paging: false, customizedTransaction: false)
4241 [main] INFO  ipse.xtend.util.stdlib.IOExtensions  - es.ua.dlsi.ooh.conceptualView.impl.OperationImpl@2df9b86 (name: dameFacturaTodos, visibility: Public, operationType: ReadAll, description: null, type: Object, collectionType: List, isStatic: false, isOrdered: false, filter: null, precondition: null, body: null, postcondition: null, automaticSynchronize: true, customized: false, paging: false, customizedTransaction: false)
enc:utf-8
4275 [main] INFO  ipse.xtend.util.stdlib.IOExtensions  - es.ua.dlsi.ooh.conceptualView.impl.OperationImpl@50b5ac82 (name: crearDevolucion, visibility: Public, operationType: New, description: null, type: Object, collectionType: None, isStatic: false, isOrdered: false, filter: null, precondition: null, body: null, postcondition: null, automaticSynchronize: true, customized: false, paging: false, customizedTransaction: false)
4276 [main] INFO  ipse.xtend.util.stdlib.IOExtensions  - es.ua.dlsi.ooh.conceptualView.impl.OperationImpl@3059cbc (name: modificarDevolucion, visibility: Public, operationType: Modifier, description: null, type: Void, collectionType: None, isStatic: false, isOrdered: false, filter: null, precondition: null, body: null, postcondition: null, automaticSynchronize: true, customized: false, paging: false, customizedTransaction: false)
4276 [main] INFO  ipse.xtend.util.stdlib.IOExtensions  - es.ua.dlsi.ooh.conceptualView.impl.OperationImpl@10feca44 (name: borrarDevolucion, visibility: Public, operationType: Destroy, description: null, type: Void, collectionType: None, isStatic: false, isOrdered: false, filter: null, precondition: null, body: null, postcondition: null, automaticSynchronize: true, customized: false, paging: false, customizedTransaction: false)
4276 [main] INFO  ipse.xtend.util.stdlib.IOExtensions  - es.ua.dlsi.ooh.conceptualView.impl.OperationImpl@ea6147e (name: dameDevolucionOID, visibility: Public, operationType: ReadOID, description: null, type: Object, collectionType: None, isStatic: false, isOrdered: false, filter: null, precondition: null, body: null, postcondition: null, automaticSynchronize: true, customized: false, paging: false, customizedTransaction: false)
4276 [main] INFO  ipse.xtend.util.stdlib.IOExtensions  - es.ua.dlsi.ooh.conceptualView.impl.OperationImpl@2b48a640 (name: dameTodosDevolucion, visibility: Public, operationType: ReadAll, description: null, type: Object, collectionType: List, isStatic: false, isOrdered: false, filter: null, precondition: null, body: null, postcondition: null, automaticSynchronize: true, customized: false, paging: false, customizedTransaction: false)
enc:utf-8
4315 [main] INFO  ipse.xtend.util.stdlib.IOExtensions  - UsuarioEN
enc:utf-8
4363 [main] INFO  ipse.xtend.util.stdlib.IOExtensions  - PedidoEN
enc:utf-8
4411 [main] INFO  ipse.xtend.util.stdlib.IOExtensions  - LineaPedidoEN
enc:utf-8
4451 [main] INFO  ipse.xtend.util.stdlib.IOExtensions  - ProductoEN
enc:utf-8
4498 [main] INFO  ipse.xtend.util.stdlib.IOExtensions  - CategoriaEN
enc:utf-8
4537 [main] INFO  ipse.xtend.util.stdlib.IOExtensions  - ValoracionEN
enc:utf-8
4576 [main] INFO  ipse.xtend.util.stdlib.IOExtensions  - EventoEN
enc:utf-8
4616 [main] INFO  ipse.xtend.util.stdlib.IOExtensions  - SaborEN
enc:utf-8
4652 [main] INFO  ipse.xtend.util.stdlib.IOExtensions  - PesoEN
enc:utf-8
4687 [main] INFO  ipse.xtend.util.stdlib.IOExtensions  - FacturaEN
enc:utf-8
4723 [main] INFO  ipse.xtend.util.stdlib.IOExtensions  - DevolucionEN
enc:utf-8
enc:utf-8
enc:utf-8
enc:utf-8
enc:utf-8
enc:utf-8
4928 [main] INFO  ipse.xtend.util.stdlib.IOExtensions  - EN
4931 [main] INFO  ipse.xtend.util.stdlib.IOExtensions  - EN
4932 [main] INFO  ipse.xtend.util.stdlib.IOExtensions  - EN
4933 [main] INFO  ipse.xtend.util.stdlib.IOExtensions  - EN
4940 [main] INFO  ipse.xtend.util.stdlib.IOExtensions  - EN
4941 [main] INFO  ipse.xtend.util.stdlib.IOExtensions  - EN
4942 [main] INFO  ipse.xtend.util.stdlib.IOExtensions  - EN
4943 [main] INFO  ipse.xtend.util.stdlib.IOExtensions  - EN
4943 [main] INFO  ipse.xtend.util.stdlib.IOExtensions  - EN
4944 [main] INFO  ipse.xtend.util.stdlib.IOExtensions  - EN
4944 [main] INFO  ipse.xtend.util.stdlib.IOExtensions  - EN
enc:utf-8
enc:utf-8
5015 [main] INFO         org.eclipse.xpand2.Generator  - Written 12 files to outlet [default](../UltrAthleticsGen)
5015 [main] INFO         org.eclipse.xpand2.Generator  - Skipped writing of 98 files to outlet [default](../UltrAthleticsGen)
5015 [main] INFO  e.core.container.CompositeComponent  - es.ua.dlsi.ooh.persistence.nhibernate.generator.workflowComponents.CreateSolution
5022 [main] INFO  e.core.container.CompositeComponent  - es.ua.dlsi.ooh.persistence.nhibernate.generator.workflowComponents.UpdateSolution
5027 [main] INFO  e.core.container.CompositeComponent  - es.ua.dlsi.ooh.persistence.nhibernate.generator.workflowComponents.CopyDLLs
../UltrAthleticsGen\UltrAthleticsGenNHibernate\AppLib\Antlr3.Runtime.dll
../UltrAthleticsGen\UltrAthleticsGenNHibernate\AppLib\Castle.DynamicProxy2.dll
../UltrAthleticsGen\UltrAthleticsGenNHibernate\AppLib\Iesi.Collections.dll
../UltrAthleticsGen\UltrAthleticsGenNHibernate\AppLib\jose-jwt.dll
../UltrAthleticsGen\UltrAthleticsGenNHibernate\AppLib\LinFu.DynamicProxy.dll
../UltrAthleticsGen\UltrAthleticsGenNHibernate\AppLib\log4net.dll
../UltrAthleticsGen\UltrAthleticsGenNHibernate\AppLib\Newtonsoft.Json.dll
../UltrAthleticsGen\UltrAthleticsGenNHibernate\AppLib\NHibernate.ByteCode.Castle.dll
../UltrAthleticsGen\UltrAthleticsGenNHibernate\AppLib\NHibernate.ByteCode.LinFu.dll
../UltrAthleticsGen\UltrAthleticsGenNHibernate\AppLib\NHibernate.dll
../UltrAthleticsGen\UltrAthleticsGenNHibernate\AppLib\nunit.core.dll
../UltrAthleticsGen\UltrAthleticsGenNHibernate\AppLib\nunit.framework.dll
5030 [main] INFO  eclipse.emf.mwe.core.WorkflowEngine  - workflow completed in 4696ms!
